<?xml version="1.0" encoding="UTF-8"?>
<!-- Generated by org.testng.reporters.JUnitReportReporter -->
<testsuite hostname="DESKTOP-RUPLHM2" failures="0" tests="3" name="testCases.CasesTest" time="48.826" errors="0" timestamp="2021-01-06T05:03:21 TRT" skipped="0">
  <testcase classname="testCases.CasesTest" name="firstCaseTest" time="10.313"/>
  <system-out/>
  <testcase classname="testCases.CasesTest" name="secondCaseTest" time="22.566"/>
  <system-out/>
  <testcase classname="testCases.CasesTest" name="thirdCaseTest" time="15.947"/>
  <system-out/>
</testsuite> <!-- testCases.CasesTest -->
