<?xml version="1.0" encoding="UTF-8"?>
<!-- Generated by org.testng.reporters.JUnitReportReporter -->
<testsuite hostname="DESKTOP-RUPLHM2" failures="0" tests="3" name="testCases.CasesTest" time="52.621" errors="0" timestamp="2021-01-25T23:01:27 TRT" skipped="0">
  <testcase classname="testCases.CasesTest" name="thirdCaseTest" time="17.007"/>
  <system-out/>
  <testcase classname="testCases.CasesTest" name="secondCaseTest" time="12.595"/>
  <system-out/>
  <testcase classname="testCases.CasesTest" name="firstCaseTest" time="23.019"/>
  <system-out/>
</testsuite> <!-- testCases.CasesTest -->
