<?xml version="1.0" encoding="UTF-8"?>
<!-- Generated by org.testng.reporters.JUnitReportReporter -->
<testsuite hostname="DESKTOP-RUPLHM2" failures="0" tests="1" name="testCases.CasesTest" time="11.728" errors="0" timestamp="2021-01-06T04:59:32 TRT" skipped="0">
  <testcase classname="testCases.CasesTest" name="firstCaseTest" time="11.728"/>
  <system-out/>
</testsuite> <!-- testCases.CasesTest -->
